0 info it worked if it ends with ok
1 verbose cli [ 'C:\\Program Files\\nodejs\\node.exe',
1 verbose cli   'C:\\Program Files\\nodejs\\node_modules\\npm\\bin\\npm-cli.js',
1 verbose cli   'start' ]
2 info using npm@3.10.9
3 info using node@v6.9.2
4 verbose run-script [ 'prestart', 'start', 'poststart' ]
5 info lifecycle tesks@1.0.0~prestart: tesks@1.0.0
6 silly lifecycle tesks@1.0.0~prestart: no script for prestart, continuing
7 info lifecycle tesks@1.0.0~start: tesks@1.0.0
8 verbose lifecycle tesks@1.0.0~start: unsafe-perm in lifecycle true
9 verbose lifecycle tesks@1.0.0~start: PATH: C:\Program Files\nodejs\node_modules\npm\bin\node-gyp-bin;C:\Users\USER\Documents\GitHub\tasks\client\node_modules\.bin;C:\Users\USER\AppData\Local\GitHub\PortableGit_f02737a78695063deace08e96d5042710d3e32db\cmd;C:\Users\USER\AppData\Local\GitHub\PortableGit_f02737a78695063deace08e96d5042710d3e32db\usr\bin;C:\Users\USER\AppData\Local\GitHub\PortableGit_f02737a78695063deace08e96d5042710d3e32db\usr\share\git-tfs;C:\Users\USER\AppData\Local\Apps\2.0\OC5GQEQK.3MD\4ZM5JZ45.2GT\gith..tion_317444273a93ac29_0003.0003_5794af8169eeff14;C:\Users\USER\AppData\Local\GitHub\lfs-amd64_1.5.5;C:\ProgramData\Oracle\Java\javapath;C:\Users\USER\Documents\GitHub;C:\Program Files\Git\cmd;node_modules\npm;C:\Users\USER\AppData\Roaming\nvm;C:\Program Files\nodejs;C:\Program Files\nodejs\;C:\Program Files\Java\jdk1.8.0_112\bin;C:\Program Files (x86)\Google\google_appengine\;C:\Users\USER\AppData\Local\Microsoft\WindowsApps;C:\Program Files (x86)\Microsoft VS Code\bin;C:\Users\USER\AppData\Roaming\nvm;C:\Program Files\nodejs;C:\Users\USER\AppData\Roaming\npm;C:\Program Files (x86)\Git\bin;C:\Program Files (x86)\Git\cmd;C:\Windows\Microsoft.NET\Framework\v4.0.30319\
10 verbose lifecycle tesks@1.0.0~start: CWD: C:\Users\USER\Documents\GitHub\tasks\client
11 silly lifecycle tesks@1.0.0~start: Args: [ '/d /s /c', 'tsc && concurrently "tsc -w" "lite-server" ' ]
12 silly lifecycle tesks@1.0.0~start: Returned: code: 2  signal: null
13 info lifecycle tesks@1.0.0~start: Failed to exec start script
14 verbose stack Error: tesks@1.0.0 start: `tsc && concurrently "tsc -w" "lite-server" `
14 verbose stack Exit status 2
14 verbose stack     at EventEmitter.<anonymous> (C:\Program Files\nodejs\node_modules\npm\lib\utils\lifecycle.js:255:16)
14 verbose stack     at emitTwo (events.js:106:13)
14 verbose stack     at EventEmitter.emit (events.js:191:7)
14 verbose stack     at ChildProcess.<anonymous> (C:\Program Files\nodejs\node_modules\npm\lib\utils\spawn.js:40:14)
14 verbose stack     at emitTwo (events.js:106:13)
14 verbose stack     at ChildProcess.emit (events.js:191:7)
14 verbose stack     at maybeClose (internal/child_process.js:877:16)
14 verbose stack     at Process.ChildProcess._handle.onexit (internal/child_process.js:226:5)
15 verbose pkgid tesks@1.0.0
16 verbose cwd C:\Users\USER\Documents\GitHub\tasks\client\app\services
17 error Windows_NT 10.0.14393
18 error argv "C:\\Program Files\\nodejs\\node.exe" "C:\\Program Files\\nodejs\\node_modules\\npm\\bin\\npm-cli.js" "start"
19 error node v6.9.2
20 error npm  v3.10.9
21 error code ELIFECYCLE
22 error tesks@1.0.0 start: `tsc && concurrently "tsc -w" "lite-server" `
22 error Exit status 2
23 error Failed at the tesks@1.0.0 start script 'tsc && concurrently "tsc -w" "lite-server" '.
23 error Make sure you have the latest version of node.js and npm installed.
23 error If you do, this is most likely a problem with the tesks package,
23 error not with npm itself.
23 error Tell the author that this fails on your system:
23 error     tsc && concurrently "tsc -w" "lite-server"
23 error You can get information on how to open an issue for this project with:
23 error     npm bugs tesks
23 error Or if that isn't available, you can get their info via:
23 error     npm owner ls tesks
23 error There is likely additional logging output above.
24 verbose exit [ 1, true ]
